<?xml version="1.0" encoding="UTF-8"?>
<!-- Generated by org.testng.reporters.JUnitXMLReporter -->
<testsuite ignored="0" hostname="DESKTOP-4U73KN9" failures="1" tests="1" name="Default test" time="11.117" errors="0" timestamp="2023-04-07T15:56:06 IST">
  <testcase classname="io.cucumber.testng.AbstractTestNGCucumberTests" name="runScenario" time="10.753">
    <failure type="java.util.NoSuchElementException">
      <![CDATA[java.util.NoSuchElementException
at java.base/java.util.LinkedHashMap$LinkedHashIterator.nextNode(LinkedHashMap.java:758)
at java.base/java.util.LinkedHashMap$LinkedKeyIterator.next(LinkedHashMap.java:778)
at Utils.GeneralUtils.switchWindowToChild(GeneralUtils.java:22)
at stepDefinitions.OfferPageStepDefinitions.switchToOfferPage(OfferPageStepDefinitions.java:55)
at stepDefinitions.OfferPageStepDefinitions.user_search_the_same_shortname_in_offer_page_to_check_if_product_exist(OfferPageStepDefinitions.java:36)
at ✽.user search for "Tom" shortname in offer page to check if product exist with same name(file:///C:/Users/Anish/eclipse-workspace/cucumber/cucu.framework/src/test/java/features/searchProduct.feature:7)
]]>
    </failure>
  </testcase> <!-- runScenario -->
</testsuite> <!-- Default test -->
