<?xml version="1.0" encoding="UTF-8"?>
<testng-results ignored="0" total="1" passed="0" failed="1" skipped="0">
  <reporter-output>
  </reporter-output>
  <suite started-at="2023-04-07T18:51:49 IST" name="Default suite" finished-at="2023-04-07T18:52:01 IST" duration-ms="12014">
    <groups>
      <group name="cucumber">
        <method signature="AbstractTestNGCucumberTests.runScenario(io.cucumber.testng.PickleWrapper,io.cucumber.testng.FeatureWrapper)[pri:0, instance:cucumberOptions.TestNgTestRunner@4c1909a3]" name="runScenario" class="io.cucumber.testng.AbstractTestNGCucumberTests"/>
      </group> <!-- cucumber -->
    </groups>
    <test started-at="2023-04-07T18:51:49 IST" name="Default test" finished-at="2023-04-07T18:52:01 IST" duration-ms="12014">
      <class name="cucumberOptions.TestNgTestRunner">
        <test-method is-config="true" signature="setUpClass(org.testng.ITestContext)[pri:0, instance:cucumberOptions.TestNgTestRunner@4c1909a3]" started-at="2023-04-07T18:51:49 IST" name="setUpClass" finished-at="2023-04-07T18:51:49 IST" duration-ms="209" status="PASS">
          <params>
            <param index="0">
              <value>
                <![CDATA[org.testng.TestRunner@557286ad]]>
              </value>
            </param>
          </params>
          <reporter-output>
          </reporter-output>
        </test-method> <!-- setUpClass -->
        <test-method signature="runScenario(io.cucumber.testng.PickleWrapper,io.cucumber.testng.FeatureWrapper)[pri:0, instance:cucumberOptions.TestNgTestRunner@4c1909a3]" started-at="2023-04-07T18:51:49 IST" name="runScenario" description="Runs Cucumber Scenarios" data-provider="scenarios" finished-at="2023-04-07T18:52:01 IST" duration-ms="11746" status="FAIL">
          <params>
            <param index="0">
              <value>
                <![CDATA["Search experience for product search in both homepage and offer page"]]>
              </value>
            </param>
            <param index="1">
              <value>
                <![CDATA["Search the product"]]>
              </value>
            </param>
          </params>
          <exception class="java.lang.NullPointerException">
            <message>
              <![CDATA[Cannot invoke "org.openqa.selenium.WebDriver.quit()" because "this.testContextSetup.driver" is null]]>
            </message>
            <full-stacktrace>
              <![CDATA[java.lang.NullPointerException: Cannot invoke "org.openqa.selenium.WebDriver.quit()" because "this.testContextSetup.driver" is null
at stepDefinitions.OfferPageStepDefinitions.validate_product_name_in_offers_page_matchs_with_landing_page(OfferPageStepDefinitions.java:69)
at ✽.validate product name in offers page matchs with landing page.(file:///C:/Users/Anish/eclipse-workspace/cucumber/cucu.framework/src/test/java/features/searchProduct.feature:8)
]]>
            </full-stacktrace>
          </exception> <!-- java.lang.NullPointerException -->
          <reporter-output>
          </reporter-output>
        </test-method> <!-- runScenario -->
        <test-method is-config="true" signature="tearDownClass()[pri:0, instance:cucumberOptions.TestNgTestRunner@4c1909a3]" started-at="2023-04-07T18:52:01 IST" name="tearDownClass" finished-at="2023-04-07T18:52:01 IST" duration-ms="14" status="PASS">
          <reporter-output>
          </reporter-output>
        </test-method> <!-- tearDownClass -->
      </class> <!-- cucumberOptions.TestNgTestRunner -->
    </test> <!-- Default test -->
  </suite> <!-- Default suite -->
</testng-results>
