<?xml version="1.0" encoding="UTF-8"?>
<!-- Generated by org.testng.reporters.JUnitReportReporter -->
<testsuite hostname="DESKTOP-4U73KN9" failures="0" tests="1" name="cucumberOptions.TestNgTestRunner" time="11.746" errors="1" timestamp="2023-04-07T18:52:01 IST" skipped="0">
  <testcase classname="cucumberOptions.TestNgTestRunner" name="runScenario" time="11.746">
    <error message="Cannot invoke &quot;org.openqa.selenium.WebDriver.quit()&quot; because &quot;this.testContextSetup.driver&quot; is null" type="java.lang.NullPointerException">
      <![CDATA[java.lang.NullPointerException: Cannot invoke "org.openqa.selenium.WebDriver.quit()" because "this.testContextSetup.driver" is null
at stepDefinitions.OfferPageStepDefinitions.validate_product_name_in_offers_page_matchs_with_landing_page(OfferPageStepDefinitions.java:69)
at ✽.validate product name in offers page matchs with landing page.(file:///C:/Users/Anish/eclipse-workspace/cucumber/cucu.framework/src/test/java/features/searchProduct.feature:8)
]]>
    </error>
  </testcase> <!-- runScenario -->
  <system-out/>
</testsuite> <!-- cucumberOptions.TestNgTestRunner -->
